MilkShape 3D 1.5.10
Parsing OpenGL configuration...
Initializing mxToolKit...
Loading globals...
Creating Application...
Loading...
Initializing PluginManager...
Trying PlugIn: C:\Program Files\MilkShape 3D 1.5.10\msModelLibd.dll
Trying PlugIn: C:\Program Files\MilkShape 3D 1.5.10\msSHPImporter.dll
Loading PlugIn: C:\Program Files\MilkShape 3D 1.5.10\msSHPImporter.dll
Trying PlugIn: C:\Program Files\MilkShape 3D 1.5.10\ms3DSExporter.dll
Loading PlugIn: C:\Program Files\MilkShape 3D 1.5.10\ms3DSExporter.dll
Trying PlugIn: C:\Program Files\MilkShape 3D 1.5.10\ms3DSImporter.dll
Loading PlugIn: C:\Program Files\MilkShape 3D 1.5.10\ms3DSImporter.dll
Trying PlugIn: C:\Program Files\MilkShape 3D 1.5.10\ms3dtExporter.dll
Loading PlugIn: C:\Program Files\MilkShape 3D 1.5.10\ms3dtExporter.dll
Trying PlugIn: C:\Program Files\MilkShape 3D 1.5.10\msABCExporter.dll
Loading PlugIn: C:\Program Files\MilkShape 3D 1.5.10\msABCExporter.dll
Trying PlugIn: C:\Program Files\MilkShape 3D 1.5.10\msABCImporter.dll
Loading PlugIn: C:\Program Files\MilkShape 3D 1.5.10\msABCImporter.dll
Trying PlugIn: C:\Program Files\MilkShape 3D 1.5.10\msASCIIExporter.dll
Loading PlugIn: C:\Program Files\MilkShape 3D 1.5.10\msASCIIExporter.dll
Trying PlugIn: C:\Program Files\MilkShape 3D 1.5.10\msASCIIImporter.dll
Loading PlugIn: C:\Program Files\MilkShape 3D 1.5.10\msASCIIImporter.dll
Trying PlugIn: C:\Program Files\MilkShape 3D 1.5.10\msCPP.dll
Trying PlugIn: C:\Program Files\MilkShape 3D 1.5.10\msD3DExporter.dll
Loading PlugIn: C:\Program Files\MilkShape 3D 1.5.10\msD3DExporter.dll
Trying PlugIn: C:\Program Files\MilkShape 3D 1.5.10\msLUVImporter.dll
Loading PlugIn: C:\Program Files\MilkShape 3D 1.5.10\msLUVImporter.dll
Trying PlugIn: C:\Program Files\MilkShape 3D 1.5.10\msMDCImporter.dll
Loading PlugIn: C:\Program Files\MilkShape 3D 1.5.10\msMDCImporter.dll
Trying PlugIn: C:\Program Files\MilkShape 3D 1.5.10\msMDCImporter2.dll
Loading PlugIn: C:\Program Files\MilkShape 3D 1.5.10\msMDCImporter2.dll
Trying PlugIn: C:\Program Files\MilkShape 3D 1.5.10\msMDXImporter.dll
Loading PlugIn: C:\Program Files\MilkShape 3D 1.5.10\msMDXImporter.dll
Trying PlugIn: C:\Program Files\MilkShape 3D 1.5.10\msModelLib.dll
Trying PlugIn: C:\Program Files\MilkShape 3D 1.5.10\msNebulaExporter.dll
Loading PlugIn: C:\Program Files\MilkShape 3D 1.5.10\msNebulaExporter.dll
Trying PlugIn: C:\Program Files\MilkShape 3D 1.5.10\msNODExporter.dll
Loading PlugIn: C:\Program Files\MilkShape 3D 1.5.10\msNODExporter.dll
Trying PlugIn: C:\Program Files\MilkShape 3D 1.5.10\msNODImporter.dll
Loading PlugIn: C:\Program Files\MilkShape 3D 1.5.10\msNODImporter.dll
Trying PlugIn: C:\Program Files\MilkShape 3D 1.5.10\msOperationMirrorAll.dll
Loading PlugIn: C:\Program Files\MilkShape 3D 1.5.10\msOperationMirrorAll.dll
Trying PlugIn: C:\Program Files\MilkShape 3D 1.5.10\msOperationSmoothEdge.dll
Loading PlugIn: C:\Program Files\MilkShape 3D 1.5.10\msOperationSmoothEdge.dll
Trying PlugIn: C:\Program Files\MilkShape 3D 1.5.10\msOrbiterMesh.dll
Loading PlugIn: C:\Program Files\MilkShape 3D 1.5.10\msOrbiterMesh.dll
Trying PlugIn: C:\Program Files\MilkShape 3D 1.5.10\msProgressiveMesh.dll
Loading PlugIn: C:\Program Files\MilkShape 3D 1.5.10\msProgressiveMesh.dll
Trying PlugIn: C:\Program Files\MilkShape 3D 1.5.10\msPSKExporter.dll
Loading PlugIn: C:\Program Files\MilkShape 3D 1.5.10\msPSKExporter.dll
Trying PlugIn: C:\Program Files\MilkShape 3D 1.5.10\msPSKImporter.dll
Loading PlugIn: C:\Program Files\MilkShape 3D 1.5.10\msPSKImporter.dll
Trying PlugIn: C:\Program Files\MilkShape 3D 1.5.10\msQOBImporter.dll
Loading PlugIn: C:\Program Files\MilkShape 3D 1.5.10\msQOBImporter.dll
Trying PlugIn: C:\Program Files\MilkShape 3D 1.5.10\msRawExporter.dll
Loading PlugIn: C:\Program Files\MilkShape 3D 1.5.10\msRawExporter.dll
Trying PlugIn: C:\Program Files\MilkShape 3D 1.5.10\msRawImporter.dll
Loading PlugIn: C:\Program Files\MilkShape 3D 1.5.10\msRawImporter.dll
Trying PlugIn: C:\Program Files\MilkShape 3D 1.5.10\msRIBExporter.dll
Loading PlugIn: C:\Program Files\MilkShape 3D 1.5.10\msRIBExporter.dll
Trying PlugIn: C:\Program Files\MilkShape 3D 1.5.10\msScaleAnim.dll
Loading PlugIn: C:\Program Files\MilkShape 3D 1.5.10\msScaleAnim.dll
Trying PlugIn: C:\Program Files\MilkShape 3D 1.5.10\msTMDImporter.dll
Loading PlugIn: C:\Program Files\MilkShape 3D 1.5.10\msTMDImporter.dll
Trying PlugIn: C:\Program Files\MilkShape 3D 1.5.10\msToolFatBoy.dll
Loading PlugIn: C:\Program Files\MilkShape 3D 1.5.10\msToolFatBoy.dll
Trying PlugIn: C:\Program Files\MilkShape 3D 1.5.10\msToolReverseAnimation.dll
Loading PlugIn: C:\Program Files\MilkShape 3D 1.5.10\msToolReverseAnimation.dll
Trying PlugIn: C:\Program Files\MilkShape 3D 1.5.10\msToolScaleAll.dll
Loading PlugIn: C:\Program Files\MilkShape 3D 1.5.10\msToolScaleAll.dll
Trying PlugIn: C:\Program Files\MilkShape 3D 1.5.10\MSVCP60.dll
Trying PlugIn: C:\Program Files\MilkShape 3D 1.5.10\msVRML97Exporter.dll
Loading PlugIn: C:\Program Files\MilkShape 3D 1.5.10\msVRML97Exporter.dll
Trying PlugIn: C:\Program Files\MilkShape 3D 1.5.10\msXExporter.dll
Loading PlugIn: C:\Program Files\MilkShape 3D 1.5.10\msXExporter.dll
Trying PlugIn: C:\Program Files\MilkShape 3D 1.5.10\msXSIImporter.dll
Loading PlugIn: C:\Program Files\MilkShape 3D 1.5.10\msXSIImporter.dll
Trying PlugIn: C:\Program Files\MilkShape 3D 1.5.10\msZy3DOExporter.dll
Loading PlugIn: C:\Program Files\MilkShape 3D 1.5.10\msZy3DOExporter.dll
Trying PlugIn: C:\Program Files\MilkShape 3D 1.5.10\msAllegTool.dll
Loading PlugIn: C:\Program Files\MilkShape 3D 1.5.10\msAllegTool.dll
Trying PlugIn: C:\Program Files\MilkShape 3D 1.5.10\msAllegExporter.dll
Loading PlugIn: C:\Program Files\MilkShape 3D 1.5.10\msAllegExporter.dll
Trying PlugIn: C:\Program Files\MilkShape 3D 1.5.10\msAllegImporter.dll
Loading PlugIn: C:\Program Files\MilkShape 3D 1.5.10\msAllegImporter.dll
Creating menubar...
Creating message window...
Creating ViewportManager...
mxGlWindow, GetDC
mxGlWindow, ChoosePixelFormat
mxGlWindow, SetPixelFormat
mxGlWindow, GetPixelFormat
mxGlWindow, DescribePixelFormat
PixelFormat: 2

PixelFormat = 2
 nSize = 40
 nVersion = 1
 dwFlags = 
PFD_DRAW_TO_WINDOW|
PFD_SUPPORT_OPENGL|
PFD_DOUBLEBUFFER|
PFD_SWAP_EXCHANGE|
 iPixelType = 
PFD_TYPE_RGBA
*cColorBits = 16
 cRedBits = 5
 cRedShift = 11
 cGreenBits = 6
 cGreenShift = 5
 cBlueBits = 5
 cBlueShift = 0
 cAlphaBits = 0
 cAlphaShift = 0
 cAccumBits = 64
 cAccumRedBits = 16
 cAccumGreenBits = 16
 cAccumBlueBits = 16
 cAccumAlphaBits = 16
*cDepthBits = 24
*cStencilBits = 8
 cAuxBuffers = 0
 iLayerType = 0
 bReserved = 0
 dwLayerMask = 0
 dwVisibleMask = 0
 dwDamageMask = 0


mxGlWindow, wglCreateContext
mxGlWindow, wglMakeCurrent
mxGlWindow, GetDC
mxGlWindow, ChoosePixelFormat
mxGlWindow, SetPixelFormat
mxGlWindow, GetPixelFormat
mxGlWindow, DescribePixelFormat
PixelFormat: 2

PixelFormat = 2
 nSize = 40
 nVersion = 1
 dwFlags = 
PFD_DRAW_TO_WINDOW|
PFD_SUPPORT_OPENGL|
PFD_DOUBLEBUFFER|
PFD_SWAP_EXCHANGE|
 iPixelType = 
PFD_TYPE_RGBA
*cColorBits = 16
 cRedBits = 5
 cRedShift = 11
 cGreenBits = 6
 cGreenShift = 5
 cBlueBits = 5
 cBlueShift = 0
 cAlphaBits = 0
 cAlphaShift = 0
 cAccumBits = 64
 cAccumRedBits = 16
 cAccumGreenBits = 16
 cAccumBlueBits = 16
 cAccumAlphaBits = 16
*cDepthBits = 24
*cStencilBits = 8
 cAuxBuffers = 0
 iLayerType = 0
 bReserved = 0
 dwLayerMask = 0
 dwVisibleMask = 0
 dwDamageMask = 0


mxGlWindow, wglCreateContext
mxGlWindow, wglMakeCurrent
mxGlWindow, GetDC
mxGlWindow, ChoosePixelFormat
mxGlWindow, SetPixelFormat
mxGlWindow, GetPixelFormat
mxGlWindow, DescribePixelFormat
PixelFormat: 2

PixelFormat = 2
 nSize = 40
 nVersion = 1
 dwFlags = 
PFD_DRAW_TO_WINDOW|
PFD_SUPPORT_OPENGL|
PFD_DOUBLEBUFFER|
PFD_SWAP_EXCHANGE|
 iPixelType = 
PFD_TYPE_RGBA
*cColorBits = 16
 cRedBits = 5
 cRedShift = 11
 cGreenBits = 6
 cGreenShift = 5
 cBlueBits = 5
 cBlueShift = 0
 cAlphaBits = 0
 cAlphaShift = 0
 cAccumBits = 64
 cAccumRedBits = 16
 cAccumGreenBits = 16
 cAccumBlueBits = 16
 cAccumAlphaBits = 16
*cDepthBits = 24
*cStencilBits = 8
 cAuxBuffers = 0
 iLayerType = 0
 bReserved = 0
 dwLayerMask = 0
 dwVisibleMask = 0
 dwDamageMask = 0


mxGlWindow, wglCreateContext
mxGlWindow, wglMakeCurrent
mxGlWindow, GetDC
mxGlWindow, ChoosePixelFormat
mxGlWindow, SetPixelFormat
mxGlWindow, GetPixelFormat
mxGlWindow, DescribePixelFormat
PixelFormat: 2

PixelFormat = 2
 nSize = 40
 nVersion = 1
 dwFlags = 
PFD_DRAW_TO_WINDOW|
PFD_SUPPORT_OPENGL|
PFD_DOUBLEBUFFER|
PFD_SWAP_EXCHANGE|
 iPixelType = 
PFD_TYPE_RGBA
*cColorBits = 16
 cRedBits = 5
 cRedShift = 11
 cGreenBits = 6
 cGreenShift = 5
 cBlueBits = 5
 cBlueShift = 0
 cAlphaBits = 0
 cAlphaShift = 0
 cAccumBits = 64
 cAccumRedBits = 16
 cAccumGreenBits = 16
 cAccumBlueBits = 16
 cAccumAlphaBits = 16
*cDepthBits = 24
*cStencilBits = 8
 cAuxBuffers = 0
 iLayerType = 0
 bReserved = 0
 dwLayerMask = 0
 dwVisibleMask = 0
 dwDamageMask = 0


mxGlWindow, wglCreateContext
mxGlWindow, wglMakeCurrent
Creating ControlPanel...
Creating Material Preview...
mxGlWindow, GetDC
mxGlWindow, ChoosePixelFormat
mxGlWindow, SetPixelFormat
mxGlWindow, GetPixelFormat
mxGlWindow, DescribePixelFormat
PixelFormat: 2

PixelFormat = 2
 nSize = 40
 nVersion = 1
 dwFlags = 
PFD_DRAW_TO_WINDOW|
PFD_SUPPORT_OPENGL|
PFD_DOUBLEBUFFER|
PFD_SWAP_EXCHANGE|
 iPixelType = 
PFD_TYPE_RGBA
*cColorBits = 16
 cRedBits = 5
 cRedShift = 11
 cGreenBits = 6
 cGreenShift = 5
 cBlueBits = 5
 cBlueShift = 0
 cAlphaBits = 0
 cAlphaShift = 0
 cAccumBits = 64
 cAccumRedBits = 16
 cAccumGreenBits = 16
 cAccumBlueBits = 16
 cAccumAlphaBits = 16
*cDepthBits = 24
*cStencilBits = 8
 cAuxBuffers = 0
 iLayerType = 0
 bReserved = 0
 dwLayerMask = 0
 dwVisibleMask = 0
 dwDamageMask = 0


mxGlWindow, wglCreateContext
mxGlWindow, wglMakeCurrent
Creating StatusBar...
Creating TexCoordEditor...
mxGlWindow, GetDC
mxGlWindow, ChoosePixelFormat
mxGlWindow, SetPixelFormat
mxGlWindow, GetPixelFormat
mxGlWindow, DescribePixelFormat
PixelFormat: 2

PixelFormat = 2
 nSize = 40
 nVersion = 1
 dwFlags = 
PFD_DRAW_TO_WINDOW|
PFD_SUPPORT_OPENGL|
PFD_DOUBLEBUFFER|
PFD_SWAP_EXCHANGE|
 iPixelType = 
PFD_TYPE_RGBA
*cColorBits = 16
 cRedBits = 5
 cRedShift = 11
 cGreenBits = 6
 cGreenShift = 5
 cBlueBits = 5
 cBlueShift = 0
 cAlphaBits = 0
 cAlphaShift = 0
 cAccumBits = 64
 cAccumRedBits = 16
 cAccumGreenBits = 16
 cAccumBlueBits = 16
 cAccumAlphaBits = 16
*cDepthBits = 24
*cStencilBits = 8
 cAuxBuffers = 0
 iLayerType = 0
 bReserved = 0
 dwLayerMask = 0
 dwVisibleMask = 0
 dwDamageMask = 0


mxGlWindow, wglCreateContext
mxGlWindow, wglMakeCurrent
Creating KeyFramer...
Creating Preferences...
Initializing keyframer...
Downloading background textures...

glGetStrings:
GeForce3/AGP/3DNOW!
NVIDIA Corporation
1.3.0
GL_ARB_imaging GL_ARB_multisample GL_ARB_multitexture GL_ARB_texture_border_clamp GL_ARB_texture_compression GL_ARB_texture_cube_map GL_ARB_texture_env_add GL_ARB_texture_env_combine GL_ARB_texture_env_dot3 GL_ARB_transpose_matrix GL_S3_s3tc GL_EXT_abgr GL_EXT_bgra GL_EXT_blend_color GL_EXT_blend_minmax GL_EXT_blend_subtract GL_EXT_compiled_vertex_array GL_EXT_draw_range_elements GL_EXT_fog_coord GL_EXT_packed_pixels GL_EXT_paletted_texture GL_EXT_point_parameters GL_EXT_rescale_normal GL_EXT_secondary_color GL_EXT_separate_specular_color GL_EXT_shared_texture_palette GL_EXT_stencil_wrap GL_EXT_texture3D GL_EXT_texture_compression_s3tc GL_EXT_texture_edge_clamp GL_EXT_texture_env_add GL_EXT_texture_env_combine GL_EXT_texture_env_dot3 GL_EXT_texture_cube_map GL_EXT_texture_filter_anisotropic GL_EXT_texture_lod GL_EXT_texture_lod_bias GL_EXT_texture_object GL_EXT_vertex_array GL_EXT_vertex_weighting GL_IBM_texture_mirrored_repeat GL_KTX_buffer_region GL_NV_blend_square GL_NV_copy_depth_to_color GL_NV_evaluators GL_NV_fence GL_NV_fog_distance GL_NV_light_max_exponent GL_NV_multisample_filter_hint GL_NV_packed_depth_stencil GL_NV_register_combiners GL_NV_register_combiners2 GL_NV_texgen_reflection GL_NV_texture_compression_vtc GL_NV_texture_env_combine4 GL_NV_texture_rectangle GL_NV_texture_shader GL_NV_texture_shader2 GL_NV_vertex_array_range GL_NV_vertex_array_range2 GL_NV_vertex_program GL_SGIS_generate_mipmap GL_SGIS_multitexture GL_SGIS_texture_lod GL_SGIX_depth_texture GL_SGIX_shadow GL_WIN_swap_hint WGL_EXT_swap_control 
Settings window placement...
Running application...
Preparing group: "mdl_sides"...
175 triangles, 150 vertices, 14 normals

Preparing group: "mdl_main"...
587 triangles, 893 vertices, 83 normals

Preparing group: "mdl_decks"...
990 triangles, 841 vertices, 28 normals

Preparing group: "mdl_inside"...
44 triangles, 80 vertices, 12 normals

Preparing group: "mdl_outside"...
1260 triangles, 324 vertices, 103 normals

Preparing group: "cvh_side1"...
12 triangles, 20 vertices, 6 normals

Preparing group: "cvh_side2"...
12 triangles, 20 vertices, 6 normals

Preparing group: "cvh_top"...
12 triangles, 20 vertices, 6 normals

Preparing group: "cvh_bottom"...
12 triangles, 20 vertices, 6 normals

Preparing group: "cvh_antenna1"...
12 triangles, 20 vertices, 6 normals

Preparing group: "cvh_antenna2"...
12 triangles, 20 vertices, 6 normals

Cleaning up mxToolKit.
